<?xml version="1.0" encoding="UTF-8"?>
<testng-results ignored="0" total="1" passed="1" failed="0" skipped="0">
  <reporter-output>
  </reporter-output>
  <suite started-at="2023-11-07T12:43:36 IST" name="Surefire suite" finished-at="2023-11-07T12:43:47 IST" duration-ms="10805">
    <groups>
    </groups>
    <test started-at="2023-11-07T12:43:36 IST" name="Surefire test" finished-at="2023-11-07T12:43:47 IST" duration-ms="10805">
      <class name="thSeptember.Grotech29thSeptember.AppTest">
        <test-method signature="shouldAnswerWithTrue()" started-at="2023-11-07T12:43:47 IST" name="shouldAnswerWithTrue" finished-at="2023-11-07T12:43:47 IST" duration-ms="7" status="PASS">
          <reporter-output>
          </reporter-output>
        </test-method> <!-- shouldAnswerWithTrue -->
      </class> <!-- thSeptember.Grotech29thSeptember.AppTest -->
    </test> <!-- Surefire test -->
  </suite> <!-- Surefire suite -->
</testng-results>
